

Microchip Technology PIC LITE Macro Assembler V2.00 build -1524193055 
                                                                                               Thu Apr 22 15:45:59 2021

Microchip Technology Omniscient Code Generator v2.00 (Free mode) build 20180527130849
     1  0000                     
      + 0000                     
     2                           ; Version 2.00
     3                           ; Generated 27/05/2018 GMT
     4                           
     5                           ; 
     6                           ; Copyright © 2018, Microchip Technology Inc. and its subsidiaries ("Microchip")
     7                           ; All rights reserved.
     8                           ; 
     9                           ; This software is developed by Microchip Technology Inc. and its subsidiaries ("Microch
                                 ip").
    10                           ; 
    11                           ; Redistribution and use in source and binary forms, with or without modification, are
    12                           ; permitted provided that the following conditions are met:
    13                           ; 
    14                           ;     1. Redistributions of source code must retain the above copyright notice, this lis
                                 t of
    15                           ;        conditions and the following disclaimer.
    16                           ; 
    17                           ;     2. Redistributions in binary form must reproduce the above copyright notice, this 
                                 list
    18                           ;        of conditions and the following disclaimer in the documentation and/or other
    19                           ;        materials provided with the distribution.
    20                           ; 
    21                           ;     3. Microchip's name may not be used to endorse or promote products derived from th
                                 is
    22                           ;        software without specific prior written permission.
    23                           ; 
    24                           ; THIS SOFTWARE IS PROVIDED BY MICROCHIP "AS IS" AND ANY EXPRESS OR IMPLIED WARRANTIES,

    25                           ; INCLUDING, BUT NOT LIMITED TO, THE IMPLIED WARRANTIES OF MERCHANTABILITY AND FITNESS F
                                 OR
    26                           ; PURPOSE ARE DISCLAIMED.  IN NO EVENT SHALL MICROCHIP BE LIABLE FOR ANY DIRECT, INDIREC
                                 T,
    27                           ; INCIDENTAL, SPECIAL, EXEMPLARY, OR CONSEQUENTIAL DAMAGES (INCLUDING BUT NOT LIMITED TO
                                 
    28                           ; PROCUREMENT OF SUBSTITUTE GOODS OR SERVICES; LOSS OF USE, DATA OR PROFITS; OR BUSINESS
                                 
    29                           ; INTERRUPTION) HOWSOEVER CAUSED AND ON ANY THEORY OF LIABILITY, WHETHER IN CONTRACT, ST
                                 RICT
    30                           ; LIABILITY, OR TORT (INCLUDING NEGLIGENCE OR OTHERWISE) ARISING IN ANY WAY OUT OF THE U
                                 SE OF
    31                           ; THIS SOFTWARE, EVEN IF ADVISED OF THE POSSIBILITY OF SUCH DAMAGE.
    32                           ; 
    33                           
    34                           
    35                           ; 
    36                           ; Code-generator required, PIC16F887 Definitions
    37                           ; 
    38  0004                     fsr0 equ 04h
    39  0004                     indf equ 00h
    40  0000                     indf0 equ 00h
    41  0000                     pc equ 02h
    42  0002                     pcl equ 02h
    43  0002                     pclath equ 0Ah
    44  000A                     status equ 03h
    45  0003                     
     2                           opt pagewidth 120
     3  0000                     byte0	macro	val
     4                           	(getbyte(val,0))
     5                           endm
     6  0000                     byte1	macro	val
     7                           	(getbyte(val,1))
     8                           endm
     9  0000                     byte2	macro	val
    10                           	(getbyte(val,2))
    11                           endm
    12  0000                     byte3	macro	val
    13                           	(getbyte(val,3))
    14                           endm
    15  0000                     byte4	macro	val
    16                           	(getbyte(val,4))
    17                           endm
    18  0000                     byte5	macro	val
    19                           	(getbyte(val,5))
    20                           endm
    21  0000                     byte6	macro	val
    22                           	(getbyte(val,6))
    23                           endm
    24  0000                     byte7	macro	val
    25                           	(getbyte(val,7))
    26                           endm
    27  0000                     getword	macro	val,pos
    28                           	(((val) >> (8 * pos)) and 0xffff)
    29                           endm
    30  0000                     word0	macro	val
    31                           	(getword(val,0))
    32                           endm
    33  0000                     word1	macro	val
    34                           	(getword(val,2))
    35                           endm
    36  0000                     word2	macro	val
    37                           	(getword(val,4))
    38                           endm
    39  0000                     word3	macro	val
    40                           	(getword(val,6))
    41                           endm
    42  0000                     gettword	macro	val,pos
    43                           	(((val) >> (8 * pos)) and 0xffffff)
    44                           endm
    45  0000                     tword0	macro	val
    46                           	(gettword(val,0))
    47                           endm
    48  0000                     tword1	macro	val
    49                           	(gettword(val,3))
    50                           endm
    51  0000                     tword2	macro	val
    52                           	(gettword(val,6))
    53                           endm
    54  0000                     getdword	macro	val,pos
    55                           	(((val) >> (8 * pos)) and 0xffffffff)
    56                           endm
    57  0000                     dword0	macro	val
    58                           	(getdword(val,0))
    59                           endm
    60  0000                     dword1	macro	val
    61                           	(getdword(val,4))
    62                           endm
    63  0000                     clrc	macro
    64                           	bcf	3,0
    65                           	endm
    66  0000                     clrz	macro
    67                           	bcf	3,2
    68                           	endm
    69  0000                     setc	macro
    70                           	bsf	3,0
    71                           	endm
    72  0000                     setz	macro
    73                           	bsf	3,2
    74                           	endm
    75  0000                     skipc	macro
    76                           	btfss	3,0
    77                           	endm
    78  0000                     skipz	macro
    79                           	btfss	3,2
    80                           	endm
    81  0000                     skipnc	macro
    82                           	btfsc	3,0
    83                           	endm
    84  0000                     skipnz	macro
    85                           	btfsc	3,2
    86                           	endm
    87  0000                     # 54 "C:\Program Files (x86)\Microchip\xc8\v2.00\pic\include\pic16f887.h"
    88                           INDF equ 00h ;# 
    89  0000                     # 61 "C:\Program Files (x86)\Microchip\xc8\v2.00\pic\include\pic16f887.h"
    90                           TMR0 equ 01h ;# 
    91  0001                     # 68 "C:\Program Files (x86)\Microchip\xc8\v2.00\pic\include\pic16f887.h"
    92                           PCL equ 02h ;# 
    93  0002                     # 75 "C:\Program Files (x86)\Microchip\xc8\v2.00\pic\include\pic16f887.h"
    94                           STATUS equ 03h ;# 
    95  0003                     # 161 "C:\Program Files (x86)\Microchip\xc8\v2.00\pic\include\pic16f887.h"
    96                           FSR equ 04h ;# 
    97  0004                     # 168 "C:\Program Files (x86)\Microchip\xc8\v2.00\pic\include\pic16f887.h"
    98                           PORTA equ 05h ;# 
    99  0005                     # 230 "C:\Program Files (x86)\Microchip\xc8\v2.00\pic\include\pic16f887.h"
   100                           PORTB equ 06h ;# 
   101  0006                     # 292 "C:\Program Files (x86)\Microchip\xc8\v2.00\pic\include\pic16f887.h"
   102                           PORTC equ 07h ;# 
   103  0007                     # 354 "C:\Program Files (x86)\Microchip\xc8\v2.00\pic\include\pic16f887.h"
   104                           PORTD equ 08h ;# 
   105  0008                     # 416 "C:\Program Files (x86)\Microchip\xc8\v2.00\pic\include\pic16f887.h"
   106                           PORTE equ 09h ;# 
   107  0009                     # 454 "C:\Program Files (x86)\Microchip\xc8\v2.00\pic\include\pic16f887.h"
   108                           PCLATH equ 0Ah ;# 
   109  000A                     # 461 "C:\Program Files (x86)\Microchip\xc8\v2.00\pic\include\pic16f887.h"
   110                           INTCON equ 0Bh ;# 
   111  000B                     # 539 "C:\Program Files (x86)\Microchip\xc8\v2.00\pic\include\pic16f887.h"
   112                           PIR1 equ 0Ch ;# 
   113  000C                     # 595 "C:\Program Files (x86)\Microchip\xc8\v2.00\pic\include\pic16f887.h"
   114                           PIR2 equ 0Dh ;# 
   115  000D                     # 652 "C:\Program Files (x86)\Microchip\xc8\v2.00\pic\include\pic16f887.h"
   116                           TMR1 equ 0Eh ;# 
   117  000E                     # 659 "C:\Program Files (x86)\Microchip\xc8\v2.00\pic\include\pic16f887.h"
   118                           TMR1L equ 0Eh ;# 
   119  000E                     # 666 "C:\Program Files (x86)\Microchip\xc8\v2.00\pic\include\pic16f887.h"
   120                           TMR1H equ 0Fh ;# 
   121  000F                     # 673 "C:\Program Files (x86)\Microchip\xc8\v2.00\pic\include\pic16f887.h"
   122                           T1CON equ 010h ;# 
   123  0010                     # 767 "C:\Program Files (x86)\Microchip\xc8\v2.00\pic\include\pic16f887.h"
   124                           TMR2 equ 011h ;# 
   125  0011                     # 774 "C:\Program Files (x86)\Microchip\xc8\v2.00\pic\include\pic16f887.h"
   126                           T2CON equ 012h ;# 
   127  0012                     # 845 "C:\Program Files (x86)\Microchip\xc8\v2.00\pic\include\pic16f887.h"
   128                           SSPBUF equ 013h ;# 
   129  0013                     # 852 "C:\Program Files (x86)\Microchip\xc8\v2.00\pic\include\pic16f887.h"
   130                           SSPCON equ 014h ;# 
   131  0014                     # 922 "C:\Program Files (x86)\Microchip\xc8\v2.00\pic\include\pic16f887.h"
   132                           CCPR1 equ 015h ;# 
   133  0015                     # 929 "C:\Program Files (x86)\Microchip\xc8\v2.00\pic\include\pic16f887.h"
   134                           CCPR1L equ 015h ;# 
   135  0015                     # 936 "C:\Program Files (x86)\Microchip\xc8\v2.00\pic\include\pic16f887.h"
   136                           CCPR1H equ 016h ;# 
   137  0016                     # 943 "C:\Program Files (x86)\Microchip\xc8\v2.00\pic\include\pic16f887.h"
   138                           CCP1CON equ 017h ;# 
   139  0017                     # 1040 "C:\Program Files (x86)\Microchip\xc8\v2.00\pic\include\pic16f887.h"
   140                           RCSTA equ 018h ;# 
   141  0018                     # 1135 "C:\Program Files (x86)\Microchip\xc8\v2.00\pic\include\pic16f887.h"
   142                           TXREG equ 019h ;# 
   143  0019                     # 1142 "C:\Program Files (x86)\Microchip\xc8\v2.00\pic\include\pic16f887.h"
   144                           RCREG equ 01Ah ;# 
   145  001A                     # 1149 "C:\Program Files (x86)\Microchip\xc8\v2.00\pic\include\pic16f887.h"
   146                           CCPR2 equ 01Bh ;# 
   147  001B                     # 1156 "C:\Program Files (x86)\Microchip\xc8\v2.00\pic\include\pic16f887.h"
   148                           CCPR2L equ 01Bh ;# 
   149  001B                     # 1163 "C:\Program Files (x86)\Microchip\xc8\v2.00\pic\include\pic16f887.h"
   150                           CCPR2H equ 01Ch ;# 
   151  001C                     # 1170 "C:\Program Files (x86)\Microchip\xc8\v2.00\pic\include\pic16f887.h"
   152                           CCP2CON equ 01Dh ;# 
   153  001D                     # 1240 "C:\Program Files (x86)\Microchip\xc8\v2.00\pic\include\pic16f887.h"
   154                           ADRESH equ 01Eh ;# 
   155  001E                     # 1247 "C:\Program Files (x86)\Microchip\xc8\v2.00\pic\include\pic16f887.h"
   156                           ADCON0 equ 01Fh ;# 
   157  001F                     # 1348 "C:\Program Files (x86)\Microchip\xc8\v2.00\pic\include\pic16f887.h"
   158                           OPTION_REG equ 081h ;# 
   159  0081                     # 1418 "C:\Program Files (x86)\Microchip\xc8\v2.00\pic\include\pic16f887.h"
   160                           TRISA equ 085h ;# 
   161  0085                     # 1480 "C:\Program Files (x86)\Microchip\xc8\v2.00\pic\include\pic16f887.h"
   162                           TRISB equ 086h ;# 
   163  0086                     # 1542 "C:\Program Files (x86)\Microchip\xc8\v2.00\pic\include\pic16f887.h"
   164                           TRISC equ 087h ;# 
   165  0087                     # 1604 "C:\Program Files (x86)\Microchip\xc8\v2.00\pic\include\pic16f887.h"
   166                           TRISD equ 088h ;# 
   167  0088                     # 1666 "C:\Program Files (x86)\Microchip\xc8\v2.00\pic\include\pic16f887.h"
   168                           TRISE equ 089h ;# 
   169  0089                     # 1704 "C:\Program Files (x86)\Microchip\xc8\v2.00\pic\include\pic16f887.h"
   170                           PIE1 equ 08Ch ;# 
   171  008C                     # 1760 "C:\Program Files (x86)\Microchip\xc8\v2.00\pic\include\pic16f887.h"
   172                           PIE2 equ 08Dh ;# 
   173  008D                     # 1817 "C:\Program Files (x86)\Microchip\xc8\v2.00\pic\include\pic16f887.h"
   174                           PCON equ 08Eh ;# 
   175  008E                     # 1864 "C:\Program Files (x86)\Microchip\xc8\v2.00\pic\include\pic16f887.h"
   176                           OSCCON equ 08Fh ;# 
   177  008F                     # 1929 "C:\Program Files (x86)\Microchip\xc8\v2.00\pic\include\pic16f887.h"
   178                           OSCTUNE equ 090h ;# 
   179  0090                     # 1981 "C:\Program Files (x86)\Microchip\xc8\v2.00\pic\include\pic16f887.h"
   180                           SSPCON2 equ 091h ;# 
   181  0091                     # 2043 "C:\Program Files (x86)\Microchip\xc8\v2.00\pic\include\pic16f887.h"
   182                           PR2 equ 092h ;# 
   183  0092                     # 2050 "C:\Program Files (x86)\Microchip\xc8\v2.00\pic\include\pic16f887.h"
   184                           SSPADD equ 093h ;# 
   185  0093                     # 2057 "C:\Program Files (x86)\Microchip\xc8\v2.00\pic\include\pic16f887.h"
   186                           SSPMSK equ 093h ;# 
   187  0093                     # 2062 "C:\Program Files (x86)\Microchip\xc8\v2.00\pic\include\pic16f887.h"
   188                           MSK equ 093h ;# 
   189  0093                     # 2179 "C:\Program Files (x86)\Microchip\xc8\v2.00\pic\include\pic16f887.h"
   190                           SSPSTAT equ 094h ;# 
   191  0094                     # 2348 "C:\Program Files (x86)\Microchip\xc8\v2.00\pic\include\pic16f887.h"
   192                           WPUB equ 095h ;# 
   193  0095                     # 2418 "C:\Program Files (x86)\Microchip\xc8\v2.00\pic\include\pic16f887.h"
   194                           IOCB equ 096h ;# 
   195  0096                     # 2488 "C:\Program Files (x86)\Microchip\xc8\v2.00\pic\include\pic16f887.h"
   196                           VRCON equ 097h ;# 
   197  0097                     # 2558 "C:\Program Files (x86)\Microchip\xc8\v2.00\pic\include\pic16f887.h"
   198                           TXSTA equ 098h ;# 
   199  0098                     # 2644 "C:\Program Files (x86)\Microchip\xc8\v2.00\pic\include\pic16f887.h"
   200                           SPBRG equ 099h ;# 
   201  0099                     # 2706 "C:\Program Files (x86)\Microchip\xc8\v2.00\pic\include\pic16f887.h"
   202                           SPBRGH equ 09Ah ;# 
   203  009A                     # 2776 "C:\Program Files (x86)\Microchip\xc8\v2.00\pic\include\pic16f887.h"
   204                           PWM1CON equ 09Bh ;# 
   205  009B                     # 2846 "C:\Program Files (x86)\Microchip\xc8\v2.00\pic\include\pic16f887.h"
   206                           ECCPAS equ 09Ch ;# 
   207  009C                     # 2928 "C:\Program Files (x86)\Microchip\xc8\v2.00\pic\include\pic16f887.h"
   208                           PSTRCON equ 09Dh ;# 
   209  009D                     # 2972 "C:\Program Files (x86)\Microchip\xc8\v2.00\pic\include\pic16f887.h"
   210                           ADRESL equ 09Eh ;# 
   211  009E                     # 2979 "C:\Program Files (x86)\Microchip\xc8\v2.00\pic\include\pic16f887.h"
   212                           ADCON1 equ 09Fh ;# 
   213  009F                     # 3013 "C:\Program Files (x86)\Microchip\xc8\v2.00\pic\include\pic16f887.h"
   214                           WDTCON equ 0105h ;# 
   215  0105                     # 3066 "C:\Program Files (x86)\Microchip\xc8\v2.00\pic\include\pic16f887.h"
   216                           CM1CON0 equ 0107h ;# 
   217  0107                     # 3131 "C:\Program Files (x86)\Microchip\xc8\v2.00\pic\include\pic16f887.h"
   218                           CM2CON0 equ 0108h ;# 
   219  0108                     # 3196 "C:\Program Files (x86)\Microchip\xc8\v2.00\pic\include\pic16f887.h"
   220                           CM2CON1 equ 0109h ;# 
   221  0109                     # 3247 "C:\Program Files (x86)\Microchip\xc8\v2.00\pic\include\pic16f887.h"
   222                           EEDATA equ 010Ch ;# 
   223  010C                     # 3252 "C:\Program Files (x86)\Microchip\xc8\v2.00\pic\include\pic16f887.h"
   224                           EEDAT equ 010Ch ;# 
   225  010C                     # 3259 "C:\Program Files (x86)\Microchip\xc8\v2.00\pic\include\pic16f887.h"
   226                           EEADR equ 010Dh ;# 
   227  010D                     # 3266 "C:\Program Files (x86)\Microchip\xc8\v2.00\pic\include\pic16f887.h"
   228                           EEDATH equ 010Eh ;# 
   229  010E                     # 3273 "C:\Program Files (x86)\Microchip\xc8\v2.00\pic\include\pic16f887.h"
   230                           EEADRH equ 010Fh ;# 
   231  010F                     # 3280 "C:\Program Files (x86)\Microchip\xc8\v2.00\pic\include\pic16f887.h"
   232                           SRCON equ 0185h ;# 
   233  0185                     # 3337 "C:\Program Files (x86)\Microchip\xc8\v2.00\pic\include\pic16f887.h"
   234                           BAUDCTL equ 0187h ;# 
   235  0187                     # 3389 "C:\Program Files (x86)\Microchip\xc8\v2.00\pic\include\pic16f887.h"
   236                           ANSEL equ 0188h ;# 
   237  0188                     # 3451 "C:\Program Files (x86)\Microchip\xc8\v2.00\pic\include\pic16f887.h"
   238                           ANSELH equ 0189h ;# 
   239  0189                     # 3501 "C:\Program Files (x86)\Microchip\xc8\v2.00\pic\include\pic16f887.h"
   240                           EECON1 equ 018Ch ;# 
   241  018C                     # 3546 "C:\Program Files (x86)\Microchip\xc8\v2.00\pic\include\pic16f887.h"
   242                           EECON2 equ 018Dh ;# 
   243  018D                     # 54 "C:\Program Files (x86)\Microchip\xc8\v2.00\pic\include\pic16f887.h"
   244                           INDF equ 00h ;# 
   245  0000                     # 61 "C:\Program Files (x86)\Microchip\xc8\v2.00\pic\include\pic16f887.h"
   246                           TMR0 equ 01h ;# 
   247  0001                     # 68 "C:\Program Files (x86)\Microchip\xc8\v2.00\pic\include\pic16f887.h"
   248                           PCL equ 02h ;# 
   249  0002                     # 75 "C:\Program Files (x86)\Microchip\xc8\v2.00\pic\include\pic16f887.h"
   250                           STATUS equ 03h ;# 
   251  0003                     # 161 "C:\Program Files (x86)\Microchip\xc8\v2.00\pic\include\pic16f887.h"
   252                           FSR equ 04h ;# 
   253  0004                     # 168 "C:\Program Files (x86)\Microchip\xc8\v2.00\pic\include\pic16f887.h"
   254                           PORTA equ 05h ;# 
   255  0005                     # 230 "C:\Program Files (x86)\Microchip\xc8\v2.00\pic\include\pic16f887.h"
   256                           PORTB equ 06h ;# 
   257  0006                     # 292 "C:\Program Files (x86)\Microchip\xc8\v2.00\pic\include\pic16f887.h"
   258                           PORTC equ 07h ;# 
   259  0007                     # 354 "C:\Program Files (x86)\Microchip\xc8\v2.00\pic\include\pic16f887.h"
   260                           PORTD equ 08h ;# 
   261  0008                     # 416 "C:\Program Files (x86)\Microchip\xc8\v2.00\pic\include\pic16f887.h"
   262                           PORTE equ 09h ;# 
   263  0009                     # 454 "C:\Program Files (x86)\Microchip\xc8\v2.00\pic\include\pic16f887.h"
   264                           PCLATH equ 0Ah ;# 
   265  000A                     # 461 "C:\Program Files (x86)\Microchip\xc8\v2.00\pic\include\pic16f887.h"
   266                           INTCON equ 0Bh ;# 
   267  000B                     # 539 "C:\Program Files (x86)\Microchip\xc8\v2.00\pic\include\pic16f887.h"
   268                           PIR1 equ 0Ch ;# 
   269  000C                     # 595 "C:\Program Files (x86)\Microchip\xc8\v2.00\pic\include\pic16f887.h"
   270                           PIR2 equ 0Dh ;# 
   271  000D                     # 652 "C:\Program Files (x86)\Microchip\xc8\v2.00\pic\include\pic16f887.h"
   272                           TMR1 equ 0Eh ;# 
   273  000E                     # 659 "C:\Program Files (x86)\Microchip\xc8\v2.00\pic\include\pic16f887.h"
   274                           TMR1L equ 0Eh ;# 
   275  000E                     # 666 "C:\Program Files (x86)\Microchip\xc8\v2.00\pic\include\pic16f887.h"
   276                           TMR1H equ 0Fh ;# 
   277  000F                     # 673 "C:\Program Files (x86)\Microchip\xc8\v2.00\pic\include\pic16f887.h"
   278                           T1CON equ 010h ;# 
   279  0010                     # 767 "C:\Program Files (x86)\Microchip\xc8\v2.00\pic\include\pic16f887.h"
   280                           TMR2 equ 011h ;# 
   281  0011                     # 774 "C:\Program Files (x86)\Microchip\xc8\v2.00\pic\include\pic16f887.h"
   282                           T2CON equ 012h ;# 
   283  0012                     # 845 "C:\Program Files (x86)\Microchip\xc8\v2.00\pic\include\pic16f887.h"
   284                           SSPBUF equ 013h ;# 
   285  0013                     # 852 "C:\Program Files (x86)\Microchip\xc8\v2.00\pic\include\pic16f887.h"
   286                           SSPCON equ 014h ;# 
   287  0014                     # 922 "C:\Program Files (x86)\Microchip\xc8\v2.00\pic\include\pic16f887.h"
   288                           CCPR1 equ 015h ;# 
   289  0015                     # 929 "C:\Program Files (x86)\Microchip\xc8\v2.00\pic\include\pic16f887.h"
   290                           CCPR1L equ 015h ;# 
   291  0015                     # 936 "C:\Program Files (x86)\Microchip\xc8\v2.00\pic\include\pic16f887.h"
   292                           CCPR1H equ 016h ;# 
   293  0016                     # 943 "C:\Program Files (x86)\Microchip\xc8\v2.00\pic\include\pic16f887.h"
   294                           CCP1CON equ 017h ;# 
   295  0017                     # 1040 "C:\Program Files (x86)\Microchip\xc8\v2.00\pic\include\pic16f887.h"
   296                           RCSTA equ 018h ;# 
   297  0018                     # 1135 "C:\Program Files (x86)\Microchip\xc8\v2.00\pic\include\pic16f887.h"
   298                           TXREG equ 019h ;# 
   299  0019                     # 1142 "C:\Program Files (x86)\Microchip\xc8\v2.00\pic\include\pic16f887.h"
   300                           RCREG equ 01Ah ;# 
   301  001A                     # 1149 "C:\Program Files (x86)\Microchip\xc8\v2.00\pic\include\pic16f887.h"
   302                           CCPR2 equ 01Bh ;# 
   303  001B                     # 1156 "C:\Program Files (x86)\Microchip\xc8\v2.00\pic\include\pic16f887.h"
   304                           CCPR2L equ 01Bh ;# 
   305  001B                     # 1163 "C:\Program Files (x86)\Microchip\xc8\v2.00\pic\include\pic16f887.h"
   306                           CCPR2H equ 01Ch ;# 
   307  001C                     # 1170 "C:\Program Files (x86)\Microchip\xc8\v2.00\pic\include\pic16f887.h"
   308                           CCP2CON equ 01Dh ;# 
   309  001D                     # 1240 "C:\Program Files (x86)\Microchip\xc8\v2.00\pic\include\pic16f887.h"
   310                           ADRESH equ 01Eh ;# 
   311  001E                     # 1247 "C:\Program Files (x86)\Microchip\xc8\v2.00\pic\include\pic16f887.h"
   312                           ADCON0 equ 01Fh ;# 
   313  001F                     # 1348 "C:\Program Files (x86)\Microchip\xc8\v2.00\pic\include\pic16f887.h"
   314                           OPTION_REG equ 081h ;# 
   315  0081                     # 1418 "C:\Program Files (x86)\Microchip\xc8\v2.00\pic\include\pic16f887.h"
   316                           TRISA equ 085h ;# 
   317  0085                     # 1480 "C:\Program Files (x86)\Microchip\xc8\v2.00\pic\include\pic16f887.h"
   318                           TRISB equ 086h ;# 
   319  0086                     # 1542 "C:\Program Files (x86)\Microchip\xc8\v2.00\pic\include\pic16f887.h"
   320                           TRISC equ 087h ;# 
   321  0087                     # 1604 "C:\Program Files (x86)\Microchip\xc8\v2.00\pic\include\pic16f887.h"
   322                           TRISD equ 088h ;# 
   323  0088                     # 1666 "C:\Program Files (x86)\Microchip\xc8\v2.00\pic\include\pic16f887.h"
   324                           TRISE equ 089h ;# 
   325  0089                     # 1704 "C:\Program Files (x86)\Microchip\xc8\v2.00\pic\include\pic16f887.h"
   326                           PIE1 equ 08Ch ;# 
   327  008C                     # 1760 "C:\Program Files (x86)\Microchip\xc8\v2.00\pic\include\pic16f887.h"
   328                           PIE2 equ 08Dh ;# 
   329  008D                     # 1817 "C:\Program Files (x86)\Microchip\xc8\v2.00\pic\include\pic16f887.h"
   330                           PCON equ 08Eh ;# 
   331  008E                     # 1864 "C:\Program Files (x86)\Microchip\xc8\v2.00\pic\include\pic16f887.h"
   332                           OSCCON equ 08Fh ;# 
   333  008F                     # 1929 "C:\Program Files (x86)\Microchip\xc8\v2.00\pic\include\pic16f887.h"
   334                           OSCTUNE equ 090h ;# 
   335  0090                     # 1981 "C:\Program Files (x86)\Microchip\xc8\v2.00\pic\include\pic16f887.h"
   336                           SSPCON2 equ 091h ;# 
   337  0091                     # 2043 "C:\Program Files (x86)\Microchip\xc8\v2.00\pic\include\pic16f887.h"
   338                           PR2 equ 092h ;# 
   339  0092                     # 2050 "C:\Program Files (x86)\Microchip\xc8\v2.00\pic\include\pic16f887.h"
   340                           SSPADD equ 093h ;# 
   341  0093                     # 2057 "C:\Program Files (x86)\Microchip\xc8\v2.00\pic\include\pic16f887.h"
   342                           SSPMSK equ 093h ;# 
   343  0093                     # 2062 "C:\Program Files (x86)\Microchip\xc8\v2.00\pic\include\pic16f887.h"
   344                           MSK equ 093h ;# 
   345  0093                     # 2179 "C:\Program Files (x86)\Microchip\xc8\v2.00\pic\include\pic16f887.h"
   346                           SSPSTAT equ 094h ;# 
   347  0094                     # 2348 "C:\Program Files (x86)\Microchip\xc8\v2.00\pic\include\pic16f887.h"
   348                           WPUB equ 095h ;# 
   349  0095                     # 2418 "C:\Program Files (x86)\Microchip\xc8\v2.00\pic\include\pic16f887.h"
   350                           IOCB equ 096h ;# 
   351  0096                     # 2488 "C:\Program Files (x86)\Microchip\xc8\v2.00\pic\include\pic16f887.h"
   352                           VRCON equ 097h ;# 
   353  0097                     # 2558 "C:\Program Files (x86)\Microchip\xc8\v2.00\pic\include\pic16f887.h"
   354                           TXSTA equ 098h ;# 
   355  0098                     # 2644 "C:\Program Files (x86)\Microchip\xc8\v2.00\pic\include\pic16f887.h"
   356                           SPBRG equ 099h ;# 
   357  0099                     # 2706 "C:\Program Files (x86)\Microchip\xc8\v2.00\pic\include\pic16f887.h"
   358                           SPBRGH equ 09Ah ;# 
   359  009A                     # 2776 "C:\Program Files (x86)\Microchip\xc8\v2.00\pic\include\pic16f887.h"
   360                           PWM1CON equ 09Bh ;# 
   361  009B                     # 2846 "C:\Program Files (x86)\Microchip\xc8\v2.00\pic\include\pic16f887.h"
   362                           ECCPAS equ 09Ch ;# 
   363  009C                     # 2928 "C:\Program Files (x86)\Microchip\xc8\v2.00\pic\include\pic16f887.h"
   364                           PSTRCON equ 09Dh ;# 
   365  009D                     # 2972 "C:\Program Files (x86)\Microchip\xc8\v2.00\pic\include\pic16f887.h"
   366                           ADRESL equ 09Eh ;# 
   367  009E                     # 2979 "C:\Program Files (x86)\Microchip\xc8\v2.00\pic\include\pic16f887.h"
   368                           ADCON1 equ 09Fh ;# 
   369  009F                     # 3013 "C:\Program Files (x86)\Microchip\xc8\v2.00\pic\include\pic16f887.h"
   370                           WDTCON equ 0105h ;# 
   371  0105                     # 3066 "C:\Program Files (x86)\Microchip\xc8\v2.00\pic\include\pic16f887.h"
   372                           CM1CON0 equ 0107h ;# 
   373  0107                     # 3131 "C:\Program Files (x86)\Microchip\xc8\v2.00\pic\include\pic16f887.h"
   374                           CM2CON0 equ 0108h ;# 
   375  0108                     # 3196 "C:\Program Files (x86)\Microchip\xc8\v2.00\pic\include\pic16f887.h"
   376                           CM2CON1 equ 0109h ;# 
   377  0109                     # 3247 "C:\Program Files (x86)\Microchip\xc8\v2.00\pic\include\pic16f887.h"
   378                           EEDATA equ 010Ch ;# 
   379  010C                     # 3252 "C:\Program Files (x86)\Microchip\xc8\v2.00\pic\include\pic16f887.h"
   380                           EEDAT equ 010Ch ;# 
   381  010C                     # 3259 "C:\Program Files (x86)\Microchip\xc8\v2.00\pic\include\pic16f887.h"
   382                           EEADR equ 010Dh ;# 
   383  010D                     # 3266 "C:\Program Files (x86)\Microchip\xc8\v2.00\pic\include\pic16f887.h"
   384                           EEDATH equ 010Eh ;# 
   385  010E                     # 3273 "C:\Program Files (x86)\Microchip\xc8\v2.00\pic\include\pic16f887.h"
   386                           EEADRH equ 010Fh ;# 
   387  010F                     # 3280 "C:\Program Files (x86)\Microchip\xc8\v2.00\pic\include\pic16f887.h"
   388                           SRCON equ 0185h ;# 
   389  0185                     # 3337 "C:\Program Files (x86)\Microchip\xc8\v2.00\pic\include\pic16f887.h"
   390                           BAUDCTL equ 0187h ;# 
   391  0187                     # 3389 "C:\Program Files (x86)\Microchip\xc8\v2.00\pic\include\pic16f887.h"
   392                           ANSEL equ 0188h ;# 
   393  0188                     # 3451 "C:\Program Files (x86)\Microchip\xc8\v2.00\pic\include\pic16f887.h"
   394                           ANSELH equ 0189h ;# 
   395  0189                     # 3501 "C:\Program Files (x86)\Microchip\xc8\v2.00\pic\include\pic16f887.h"
   396                           EECON1 equ 018Ch ;# 
   397  018C                     # 3546 "C:\Program Files (x86)\Microchip\xc8\v2.00\pic\include\pic16f887.h"
   398                           EECON2 equ 018Dh ;# 
   399  018D                     	FNCALL	_main,_LCD_init
   400                           	FNCALL	_main,_LCD_on
   401                           	FNCALL	_main,_LCD_print
   402                           	FNCALL	_LCD_print,_LCD_printChar
   403                           	FNROOT	_main
   404                           	global	_PORTDbits
   405                           _PORTDbits	set	0x8
   406  0008                     	global	_PORTB
   407                           _PORTB	set	0x6
   408  0006                     	global	_TRISB
   409                           _TRISB	set	0x86
   410  0086                     	global	_TRISDbits
   411                           _TRISDbits	set	0x88
   412  0088                     	global	_ANSELH
   413                           _ANSELH	set	0x189
   414  0189                     psect	strings,class=STRING,delta=2,noexec
   415                           global __pstrings
   416                           __pstrings:
   417  0003                     stringtab:
   418  0003                     	global    __stringtab
   419                           __stringtab:
   420  0003                     ;	String table - string pointers are 1 byte each
   421                           stringcode:stringdir:
   422  0003                     movlw high(stringdir)
      + 0003                     stringdir:	
   423  0003  3000               movwf pclath
   424  0004  008A               movf fsr,w
   425  0005  0804               incf fsr
   426  0006  0A84               	addwf pc
   427  0007  0782               	global __stringbase
   428                           __stringbase:
   429  0008                     	retlw	0
   430  0008  3400               psect	strings
   431                           	global    __end_of__stringtab
   432                           __end_of__stringtab:
   433  0009                     	
   434                           STR_1:	
   435  0009                     	retlw	65	;'A'
   436  0009  3441               	retlw	76	;'L'
   437  000A  344C               	retlw	73	;'I'
   438  000B  3449               	retlw	67	;'C'
   439  000C  3443               	retlw	69	;'E'
   440  000D  3445               	retlw	32	;' '
   441  000E  3420               	retlw	90	;'Z'
   442  000F  345A               	retlw	73	;'I'
   443  0010  3449               	retlw	67	;'C'
   444  0011  3443               	retlw	65	;'A'
   445  0012  3441               	retlw	0
   446  0013  3400               psect	strings
   447                           ; #config settings
   448                           global __CFG_FOSC$INTRC_NOCLKOUT
   449                           __CFG_FOSC$INTRC_NOCLKOUT equ 0x0
   450  0000                     global __CFG_WDTE$OFF
   451                           __CFG_WDTE$OFF equ 0x0
   452  0000                     global __CFG_PWRTE$OFF
   453                           __CFG_PWRTE$OFF equ 0x0
   454  0000                     global __CFG_MCLRE$OFF
   455                           __CFG_MCLRE$OFF equ 0x0
   456  0000                     global __CFG_CP$OFF
   457                           __CFG_CP$OFF equ 0x0
   458  0000                     global __CFG_CPD$OFF
   459                           __CFG_CPD$OFF equ 0x0
   460  0000                     global __CFG_BOREN$OFF
   461                           __CFG_BOREN$OFF equ 0x0
   462  0000                     global __CFG_IESO$OFF
   463                           __CFG_IESO$OFF equ 0x0
   464  0000                     global __CFG_FCMEN$OFF
   465                           __CFG_FCMEN$OFF equ 0x0
   466  0000                     global __CFG_LVP$OFF
   467                           __CFG_LVP$OFF equ 0x0
   468  0000                     global __CFG_BOR4V$BOR40V
   469                           __CFG_BOR4V$BOR40V equ 0x0
   470  0000                     global __CFG_WRT$OFF
   471                           __CFG_WRT$OFF equ 0x0
   472  0000                     	file	"C:\Users\21192692\AppData\Local\Temp\s82s."
   473                           	line	#
   474                           psect cinit,class=CODE,delta=2
   475                           global start_initialization
   476                           start_initialization:
   477  07FC                     
   478                           global __initialization
   479                           __initialization:
   480  07FC                     psect cinit,class=CODE,delta=2,merge=1
   481                           global end_of_initialization,__end_of__initialization
   482                           
   483                           ;End of C runtime variable initialization code
   484                           
   485                           end_of_initialization:
   486  07FC                     __end_of__initialization:
   487  07FC                     clrf status
   488  07FC  0183               ljmp _main	;jump to C main() function
   489  07FD  120A  118A  2FC4   psect	cstackCOMMON,class=COMMON,space=1,noexec
   490                           global __pcstackCOMMON
   491                           __pcstackCOMMON:
   492  0070                     ?_LCD_init:	; 1 bytes @ 0x0
   493  0070                     ??_LCD_init:	; 1 bytes @ 0x0
   494  0070                     ?_LCD_on:	; 1 bytes @ 0x0
   495  0070                     ??_LCD_on:	; 1 bytes @ 0x0
   496  0070                     ?_LCD_printChar:	; 1 bytes @ 0x0
   497  0070                     ??_LCD_printChar:	; 1 bytes @ 0x0
   498  0070                     ?_LCD_print:	; 1 bytes @ 0x0
   499  0070                     ?_main:	; 1 bytes @ 0x0
   500  0070                     	ds	1
   501  0070                     	global	LCD_printChar@c
   502                           LCD_printChar@c:	; 1 bytes @ 0x1
   503  0071                     	ds	1
   504  0071                     ??_LCD_print:	; 1 bytes @ 0x2
   505  0072                     	ds	1
   506  0072                     	global	LCD_print@str
   507                           LCD_print@str:	; 1 bytes @ 0x3
   508  0073                     	ds	1
   509  0073                     	global	LCD_print@i
   510                           LCD_print@i:	; 1 bytes @ 0x4
   511  0074                     	ds	1
   512  0074                     ??_main:	; 1 bytes @ 0x5
   513  0075                     ;!
   514                           ;!Data Sizes:
   515                           ;!    Strings     11
   516                           ;!    Constant    0
   517                           ;!    Data        0
   518                           ;!    BSS         0
   519                           ;!    Persistent  0
   520                           ;!    Stack       0
   521                           ;!
   522                           ;!Auto Spaces:
   523                           ;!    Space          Size  Autos    Used
   524                           ;!    COMMON           14      5       5
   525                           ;!    BANK0            80      0       0
   526                           ;!    BANK1            80      0       0
   527                           ;!    BANK3            96      0       0
   528                           ;!    BANK2            96      0       0
   529                           
   530                           ;!
   531                           ;!Pointer List with Targets:
   532                           ;!
   533                           ;!    LCD_print@str	PTR unsigned char  size(1) Largest target is 11
   534                           ;!		 -> STR_1(CODE[11]), 
   535                           ;!
   536                           
   537                           
   538                           ;!
   539                           ;!Critical Paths under _main in COMMON
   540                           ;!
   541                           ;!    _main->_LCD_print
   542                           ;!    _LCD_print->_LCD_printChar
   543                           ;!
   544                           ;!Critical Paths under _main in BANK0
   545                           ;!
   546                           ;!    None.
   547                           ;!
   548                           ;!Critical Paths under _main in BANK1
   549                           ;!
   550                           ;!    None.
   551                           ;!
   552                           ;!Critical Paths under _main in BANK3
   553                           ;!
   554                           ;!    None.
   555                           ;!
   556                           ;!Critical Paths under _main in BANK2
   557                           ;!
   558                           ;!    None.
   559                           
   560 ;;
   561 ;;Main: autosize = 0, tempsize = 0, incstack = 0, save=0
   562 ;;
   563                           
   564                           ;!
   565                           ;!Call Graph Tables:
   566                           ;!
   567                           ;! ---------------------------------------------------------------------------------
   568                           ;! (Depth) Function   	        Calls       Base Space   Used Autos Params    Refs
   569                           ;! ---------------------------------------------------------------------------------
   570                           ;! (0) _main                                                 0     0      0     138
   571                           ;!                           _LCD_init
   572                           ;!                             _LCD_on
   573                           ;!                          _LCD_print
   574                           ;! ---------------------------------------------------------------------------------
   575                           ;! (1) _LCD_print                                            3     3      0     138
   576                           ;!                                              2 COMMON     3     3      0
   577                           ;!                      _LCD_printChar
   578                           ;! ---------------------------------------------------------------------------------
   579                           ;! (2) _LCD_printChar                                        2     2      0      15
   580                           ;!                                              0 COMMON     2     2      0
   581                           ;! ---------------------------------------------------------------------------------
   582                           ;! (1) _LCD_on                                               1     1      0       0
   583                           ;!                                              0 COMMON     1     1      0
   584                           ;! ---------------------------------------------------------------------------------
   585                           ;! (1) _LCD_init                                             0     0      0       0
   586                           ;! ---------------------------------------------------------------------------------
   587                           ;! Estimated maximum stack depth 2
   588                           ;! ---------------------------------------------------------------------------------
   589                           ;!
   590                           ;! Call Graph Graphs:
   591                           ;!
   592                           ;! _main (ROOT)
   593                           ;!   _LCD_init
   594                           ;!   _LCD_on
   595                           ;!   _LCD_print
   596                           ;!     _LCD_printChar
   597                           ;!
   598                           
   599                           ;! Address spaces:
   600                           
   601                           ;!Name               Size   Autos  Total    Cost      Usage
   602                           ;!BITCOMMON            E      0       0       0        0.0%
   603                           ;!EEDATA             100      0       0       0        0.0%
   604                           ;!NULL                 0      0       0       0        0.0%
   605                           ;!CODE                 0      0       0       0        0.0%
   606                           ;!COMMON               E      5       5       1       35.7%
   607                           ;!BITSFR0              0      0       0       1        0.0%
   608                           ;!SFR0                 0      0       0       1        0.0%
   609                           ;!BITSFR1              0      0       0       2        0.0%
   610                           ;!SFR1                 0      0       0       2        0.0%
   611                           ;!STACK                0      0       0       2        0.0%
   612                           ;!ABS                  0      0       0       3        0.0%
   613                           ;!BITBANK0            50      0       0       4        0.0%
   614                           ;!BITSFR3              0      0       0       4        0.0%
   615                           ;!SFR3                 0      0       0       4        0.0%
   616                           ;!BANK0               50      0       0       5        0.0%
   617                           ;!BITSFR2              0      0       0       5        0.0%
   618                           ;!SFR2                 0      0       0       5        0.0%
   619                           ;!BITBANK1            50      0       0       6        0.0%
   620                           ;!BANK1               50      0       0       7        0.0%
   621                           ;!BITBANK3            60      0       0       8        0.0%
   622                           ;!BANK3               60      0       0       9        0.0%
   623                           ;!BITBANK2            60      0       0      10        0.0%
   624                           ;!BANK2               60      0       0      11        0.0%
   625                           ;!DATA                 0      0       0      12        0.0%
   626                           
   627                           	global	_main
   628                           
   629 ;; *************** function _main *****************
   630 ;; Defined at:
   631 ;;		line 60 in file "main.c"
   632 ;; Parameters:    Size  Location     Type
   633 ;;		None
   634 ;; Auto vars:     Size  Location     Type
   635 ;;		None
   636 ;; Return value:  Size  Location     Type
   637 ;;                  1    wreg      void 
   638 ;; Registers used:
   639 ;;		wreg, fsr0l, fsr0h, status,2, status,0, pclath, cstack
   640 ;; Tracked objects:
   641 ;;		On entry : B00/0
   642 ;;		On exit  : 0/0
   643 ;;		Unchanged: 0/0
   644 ;; Data sizes:     COMMON   BANK0   BANK1   BANK3   BANK2
   645 ;;      Params:         0       0       0       0       0
   646 ;;      Locals:         0       0       0       0       0
   647 ;;      Temps:          0       0       0       0       0
   648 ;;      Totals:         0       0       0       0       0
   649 ;;Total ram usage:        0 bytes
   650 ;; Hardware stack levels required when called:    2
   651 ;; This function calls:
   652 ;;		_LCD_init
   653 ;;		_LCD_on
   654 ;;		_LCD_print
   655 ;; This function is called by:
   656 ;;		Startup code after reset
   657 ;; This function uses a non-reentrant model
   658 ;;
   659                           psect	maintext,global,class=CODE,delta=2,split=1,group=0
   660                           	file	"main.c"
   661                           	line	60
   662                           global __pmaintext
   663                           __pmaintext:	;psect for function _main
   664  07C4                     psect	maintext
   665                           	file	"main.c"
   666                           	line	60
   667                           	global	__size_of_main
   668                           	__size_of_main	equ	__end_of_main-_main
   669  0014                     	
   670                           _main:	
   671  07C4                     ;incstack = 0
   672                           	opt	stack 6
   673                           ; Regs used in _main: [wreg-fsr0h+status,2+status,0+pclath+cstack]
   674                           	line	62
   675                           	
   676                           l654:	
   677  07C4                     ;main.c: 62:     LCD_init();
   678                           	fcall	_LCD_init
   679  07C4  120A  118A  27B4  120A  118A  	line	63
   680                           	
   681                           l656:	
   682  07C9                     ;main.c: 63:     LCD_on();
   683                           	fcall	_LCD_on
   684  07C9  120A  118A  2796  120A  118A  	line	64
   685                           	
   686                           l658:	
   687  07CE                     ;main.c: 64:     LCD_print ( "ALICE ZICA" );
   688                           	movlw	(low((((STR_1)-__stringbase)|8000h)))&0ffh
   689  07CE  3001               	fcall	_LCD_print
   690  07CF  120A  118A  27D8  120A  118A  	line	67
   691                           ;main.c: 67:     while(1)
   692                           	
   693                           l32:	
   694  07D4                     	line	69
   695                           ;main.c: 68:     {;main.c: 69:     }
   696                           	
   697                           l33:	
   698  07D4                     	goto	l32
   699  07D4  2FD4               	
   700                           l34:	
   701  07D5                     	line	70
   702                           	
   703                           l35:	
   704  07D5                     	global	start
   705                           	ljmp	start
   706  07D5  120A  118A  2800   	opt stack 0
   707                           GLOBAL	__end_of_main
   708                           	__end_of_main:
   709  07D8                     	signat	_main,89
   710                           	global	_LCD_print
   711                           
   712 ;; *************** function _LCD_print *****************
   713 ;; Defined at:
   714 ;;		line 49 in file "main.c"
   715 ;; Parameters:    Size  Location     Type
   716 ;;  str             1    wreg     PTR unsigned char 
   717 ;;		 -> STR_1(11), 
   718 ;; Auto vars:     Size  Location     Type
   719 ;;  str             1    3[COMMON] PTR unsigned char 
   720 ;;		 -> STR_1(11), 
   721 ;;  i               1    4[COMMON] unsigned char 
   722 ;; Return value:  Size  Location     Type
   723 ;;                  1    wreg      void 
   724 ;; Registers used:
   725 ;;		wreg, fsr0l, fsr0h, status,2, status,0, pclath, cstack
   726 ;; Tracked objects:
   727 ;;		On entry : 0/0
   728 ;;		On exit  : 0/0
   729 ;;		Unchanged: 0/0
   730 ;; Data sizes:     COMMON   BANK0   BANK1   BANK3   BANK2
   731 ;;      Params:         0       0       0       0       0
   732 ;;      Locals:         2       0       0       0       0
   733 ;;      Temps:          1       0       0       0       0
   734 ;;      Totals:         3       0       0       0       0
   735 ;;Total ram usage:        3 bytes
   736 ;; Hardware stack levels used:    1
   737 ;; Hardware stack levels required when called:    1
   738 ;; This function calls:
   739 ;;		_LCD_printChar
   740 ;; This function is called by:
   741 ;;		_main
   742 ;; This function uses a non-reentrant model
   743 ;;
   744                           psect	text1,local,class=CODE,delta=2,merge=1,group=0
   745                           	line	49
   746                           global __ptext1
   747                           __ptext1:	;psect for function _LCD_print
   748  07D8                     psect	text1
   749                           	file	"main.c"
   750                           	line	49
   751                           	global	__size_of_LCD_print
   752                           	__size_of_LCD_print	equ	__end_of_LCD_print-_LCD_print
   753  0024                     	
   754                           _LCD_print:	
   755  07D8                     ;incstack = 0
   756                           	opt	stack 6
   757                           ; Regs used in _LCD_print: [wreg-fsr0h+status,2+status,0+pclath+cstack]
   758                           ;LCD_print@str stored from wreg
   759                           	movwf	(LCD_print@str)
   760  07D8  00F3               	line	51
   761                           	
   762                           l646:	
   763  07D9                     ;main.c: 49: void LCD_print ( char * str );main.c: 50: {;main.c: 51:     char i = 0;
   764                           	clrf	(LCD_print@i)
   765  07D9  01F4               	line	53
   766                           ;main.c: 53:     while ( *(str+i) !=0 )
   767                           	goto	l652
   768  07DA  2FED               	
   769                           l25:	
   770  07DB                     	line	55
   771                           	
   772                           l648:	
   773  07DB                     ;main.c: 54:     {;main.c: 55:         LCD_printChar( *(str+i) );
   774                           	movf	(LCD_print@i),w
   775  07DB  0874               	addwf	(LCD_print@str),w
   776  07DC  0773               	movwf	fsr0
   777  07DD  0084               	fcall	stringdir
   778  07DE  120A  118A  2003  120A  118A  	fcall	_LCD_printChar
   779  07E3  120A  118A  27A5  120A  118A  	line	56
   780                           	
   781                           l650:	
   782  07E8                     ;main.c: 56:         ++i;
   783                           	movlw	low(01h)
   784  07E8  3001               	movwf	(??_LCD_print+0)+0
   785  07E9  00F2               	movf	(??_LCD_print+0)+0,w
   786  07EA  0872               	addwf	(LCD_print@i),f
   787  07EB  07F4               	goto	l652
   788  07EC  2FED               	line	57
   789                           ;main.c: 57:     }
   790                           	
   791                           l24:	
   792  07ED                     	line	53
   793                           	
   794                           l652:	
   795  07ED                     ;main.c: 53:     while ( *(str+i) !=0 )
   796                           	movf	(LCD_print@i),w
   797  07ED  0874               	addwf	(LCD_print@str),w
   798  07EE  0773               	movwf	fsr0
   799  07EF  0084               	fcall	stringdir
   800  07F0  120A  118A  2003  120A  118A  	xorlw	0
   801  07F5  3A00               	skipz
   802  07F6  1D03               	goto	u21
   803  07F7  2FF9               	goto	u20
   804  07F8  2FFA               u21:
   805  07F9                     	goto	l648
   806  07F9  2FDB               u20:
   807  07FA                     	goto	l27
   808  07FA  2FFB               	
   809                           l26:	
   810  07FB                     	line	58
   811                           	
   812                           l27:	
   813  07FB                     	return
   814  07FB  0008               	opt stack 0
   815                           GLOBAL	__end_of_LCD_print
   816                           	__end_of_LCD_print:
   817  07FC                     	signat	_LCD_print,4217
   818                           	global	_LCD_printChar
   819                           
   820 ;; *************** function _LCD_printChar *****************
   821 ;; Defined at:
   822 ;;		line 40 in file "main.c"
   823 ;; Parameters:    Size  Location     Type
   824 ;;  c               1    wreg     unsigned char 
   825 ;; Auto vars:     Size  Location     Type
   826 ;;  c               1    1[COMMON] unsigned char 
   827 ;; Return value:  Size  Location     Type
   828 ;;                  1    wreg      void 
   829 ;; Registers used:
   830 ;;		wreg
   831 ;; Tracked objects:
   832 ;;		On entry : 0/0
   833 ;;		On exit  : 0/0
   834 ;;		Unchanged: 0/0
   835 ;; Data sizes:     COMMON   BANK0   BANK1   BANK3   BANK2
   836 ;;      Params:         0       0       0       0       0
   837 ;;      Locals:         1       0       0       0       0
   838 ;;      Temps:          1       0       0       0       0
   839 ;;      Totals:         2       0       0       0       0
   840 ;;Total ram usage:        2 bytes
   841 ;; Hardware stack levels used:    1
   842 ;; This function calls:
   843 ;;		Nothing
   844 ;; This function is called by:
   845 ;;		_LCD_print
   846 ;; This function uses a non-reentrant model
   847 ;;
   848                           psect	text2,local,class=CODE,delta=2,merge=1,group=0
   849                           	line	40
   850                           global __ptext2
   851                           __ptext2:	;psect for function _LCD_printChar
   852  07A5                     psect	text2
   853                           	file	"main.c"
   854                           	line	40
   855                           	global	__size_of_LCD_printChar
   856                           	__size_of_LCD_printChar	equ	__end_of_LCD_printChar-_LCD_printChar
   857  000F                     	
   858                           _LCD_printChar:	
   859  07A5                     ;incstack = 0
   860                           	opt	stack 6
   861                           ; Regs used in _LCD_printChar: [wreg]
   862                           ;LCD_printChar@c stored from wreg
   863                           	movwf	(LCD_printChar@c)
   864  07A5  00F1               	line	42
   865                           	
   866                           l608:	
   867  07A6                     ;main.c: 40: void LCD_printChar (char c);main.c: 41: {;main.c: 42:     PORTDbits.RD6 = 1
                                 ;
   868                           	bcf	status, 5	;RP0=0, select bank0
   869  07A6  1283               	bcf	status, 6	;RP1=0, select bank0
   870  07A7  1303               	bsf	(8),6	;volatile
   871  07A8  1708               	line	43
   872                           	
   873                           l610:	
   874  07A9                     ;main.c: 43:     PORTB = c;
   875                           	movf	(LCD_printChar@c),w
   876  07A9  0871               	movwf	(6)	;volatile
   877  07AA  0086               	line	44
   878                           	
   879                           l612:	
   880  07AB                     ;main.c: 44:     PORTDbits.RD7 = 0;
   881                           	bcf	(8),7	;volatile
   882  07AB  1388               	line	45
   883                           ;main.c: 45:     _delay((unsigned long)((40)*(4000000/4000000.0)));
   884                           	opt asmopt_push
   885                           opt asmopt_off
   886                           	movlw	13
   887  07AC  300D               movwf	((??_LCD_printChar+0)+0),f
   888  07AD  00F0               	u37:
   889  07AE                     decfsz	(??_LCD_printChar+0)+0,f
   890  07AE  0BF0               	goto	u37
   891  07AF  2FAE               opt asmopt_pop
   892                           
   893                           	line	46
   894                           	
   895                           l614:	
   896  07B0                     ;main.c: 46:     PORTDbits.RD7 = 1;
   897                           	bcf	status, 5	;RP0=0, select bank0
   898  07B0  1283               	bcf	status, 6	;RP1=0, select bank0
   899  07B1  1303               	bsf	(8),7	;volatile
   900  07B2  1788               	line	47
   901                           	
   902                           l21:	
   903  07B3                     	return
   904  07B3  0008               	opt stack 0
   905                           GLOBAL	__end_of_LCD_printChar
   906                           	__end_of_LCD_printChar:
   907  07B4                     	signat	_LCD_printChar,4217
   908                           	global	_LCD_on
   909                           
   910 ;; *************** function _LCD_on *****************
   911 ;; Defined at:
   912 ;;		line 29 in file "main.c"
   913 ;; Parameters:    Size  Location     Type
   914 ;;		None
   915 ;; Auto vars:     Size  Location     Type
   916 ;;		None
   917 ;; Return value:  Size  Location     Type
   918 ;;                  1    wreg      void 
   919 ;; Registers used:
   920 ;;		wreg
   921 ;; Tracked objects:
   922 ;;		On entry : 0/0
   923 ;;		On exit  : 0/0
   924 ;;		Unchanged: 0/0
   925 ;; Data sizes:     COMMON   BANK0   BANK1   BANK3   BANK2
   926 ;;      Params:         0       0       0       0       0
   927 ;;      Locals:         0       0       0       0       0
   928 ;;      Temps:          1       0       0       0       0
   929 ;;      Totals:         1       0       0       0       0
   930 ;;Total ram usage:        1 bytes
   931 ;; Hardware stack levels used:    1
   932 ;; This function calls:
   933 ;;		Nothing
   934 ;; This function is called by:
   935 ;;		_main
   936 ;; This function uses a non-reentrant model
   937 ;;
   938                           psect	text3,local,class=CODE,delta=2,merge=1,group=0
   939                           	line	29
   940                           global __ptext3
   941                           __ptext3:	;psect for function _LCD_on
   942  0796                     psect	text3
   943                           	file	"main.c"
   944                           	line	29
   945                           	global	__size_of_LCD_on
   946                           	__size_of_LCD_on	equ	__end_of_LCD_on-_LCD_on
   947  000F                     	
   948                           _LCD_on:	
   949  0796                     ;incstack = 0
   950                           	opt	stack 7
   951                           ; Regs used in _LCD_on: [wreg]
   952                           	line	32
   953                           	
   954                           l624:	
   955  0796                     ;main.c: 32:     PORTDbits.RD6 = 0;
   956                           	bcf	status, 5	;RP0=0, select bank0
   957  0796  1283               	bcf	status, 6	;RP1=0, select bank0
   958  0797  1303               	bcf	(8),6	;volatile
   959  0798  1308               	line	33
   960                           ;main.c: 33:     PORTDbits.RD7 = 1;
   961                           	bsf	(8),7	;volatile
   962  0799  1788               	line	34
   963                           	
   964                           l626:	
   965  079A                     ;main.c: 34:     PORTB = 0x0F;
   966                           	movlw	low(0Fh)
   967  079A  300F               	movwf	(6)	;volatile
   968  079B  0086               	line	35
   969                           	
   970                           l628:	
   971  079C                     ;main.c: 35:     PORTDbits.RD7 = 0;
   972                           	bcf	(8),7	;volatile
   973  079C  1388               	line	36
   974                           ;main.c: 36:     _delay((unsigned long)((40)*(4000000/4000000.0)));
   975                           	opt asmopt_push
   976                           opt asmopt_off
   977                           	movlw	13
   978  079D  300D               movwf	((??_LCD_on+0)+0),f
   979  079E  00F0               	u47:
   980  079F                     decfsz	(??_LCD_on+0)+0,f
   981  079F  0BF0               	goto	u47
   982  07A0  2F9F               opt asmopt_pop
   983                           
   984                           	line	37
   985                           	
   986                           l630:	
   987  07A1                     ;main.c: 37:     PORTDbits.RD7 = 1;
   988                           	bcf	status, 5	;RP0=0, select bank0
   989  07A1  1283               	bcf	status, 6	;RP1=0, select bank0
   990  07A2  1303               	bsf	(8),7	;volatile
   991  07A3  1788               	line	38
   992                           	
   993                           l18:	
   994  07A4                     	return
   995  07A4  0008               	opt stack 0
   996                           GLOBAL	__end_of_LCD_on
   997                           	__end_of_LCD_on:
   998  07A5                     	signat	_LCD_on,89
   999                           	global	_LCD_init
  1000                           
  1001 ;; *************** function _LCD_init *****************
  1002 ;; Defined at:
  1003 ;;		line 17 in file "main.c"
  1004 ;; Parameters:    Size  Location     Type
  1005 ;;		None
  1006 ;; Auto vars:     Size  Location     Type
  1007 ;;		None
  1008 ;; Return value:  Size  Location     Type
  1009 ;;                  1    wreg      void 
  1010 ;; Registers used:
  1011 ;;		status,2
  1012 ;; Tracked objects:
  1013 ;;		On entry : 0/0
  1014 ;;		On exit  : 0/0
  1015 ;;		Unchanged: 0/0
  1016 ;; Data sizes:     COMMON   BANK0   BANK1   BANK3   BANK2
  1017 ;;      Params:         0       0       0       0       0
  1018 ;;      Locals:         0       0       0       0       0
  1019 ;;      Temps:          0       0       0       0       0
  1020 ;;      Totals:         0       0       0       0       0
  1021 ;;Total ram usage:        0 bytes
  1022 ;; Hardware stack levels used:    1
  1023 ;; This function calls:
  1024 ;;		Nothing
  1025 ;; This function is called by:
  1026 ;;		_main
  1027 ;; This function uses a non-reentrant model
  1028 ;;
  1029                           psect	text4,local,class=CODE,delta=2,merge=1,group=0
  1030                           	line	17
  1031                           global __ptext4
  1032                           __ptext4:	;psect for function _LCD_init
  1033  07B4                     psect	text4
  1034                           	file	"main.c"
  1035                           	line	17
  1036                           	global	__size_of_LCD_init
  1037                           	__size_of_LCD_init	equ	__end_of_LCD_init-_LCD_init
  1038  0010                     	
  1039                           _LCD_init:	
  1040  07B4                     ;incstack = 0
  1041                           	opt	stack 7
  1042                           ; Regs used in _LCD_init: [status,2]
  1043                           	line	19
  1044                           	
  1045                           l616:	
  1046  07B4                     ;main.c: 19:     TRISDbits.TRISD6 = 0;
  1047                           	bsf	status, 5	;RP0=1, select bank1
  1048  07B4  1683               	bcf	status, 6	;RP1=0, select bank1
  1049  07B5  1303               	bcf	(136)^080h,6	;volatile
  1050  07B6  1308               	line	20
  1051                           ;main.c: 20:     TRISDbits.TRISD7 = 0;
  1052                           	bcf	(136)^080h,7	;volatile
  1053  07B7  1388               	line	21
  1054                           	
  1055                           l618:	
  1056  07B8                     ;main.c: 21:     ANSELH = 0;
  1057                           	bsf	status, 5	;RP0=1, select bank3
  1058  07B8  1683               	bsf	status, 6	;RP1=1, select bank3
  1059  07B9  1703               	clrf	(393)^0180h	;volatile
  1060  07BA  0189               	line	22
  1061                           ;main.c: 22:     TRISB = 0x00;
  1062                           	bsf	status, 5	;RP0=1, select bank1
  1063  07BB  1683               	bcf	status, 6	;RP1=0, select bank1
  1064  07BC  1303               	clrf	(134)^080h	;volatile
  1065  07BD  0186               	line	24
  1066                           ;main.c: 24:     PORTB = 0x00;
  1067                           	bcf	status, 5	;RP0=0, select bank0
  1068  07BE  1283               	bcf	status, 6	;RP1=0, select bank0
  1069  07BF  1303               	clrf	(6)	;volatile
  1070  07C0  0186               	line	25
  1071                           	
  1072                           l620:	
  1073  07C1                     ;main.c: 25:     PORTDbits.RD7 = 1;
  1074                           	bsf	(8),7	;volatile
  1075  07C1  1788               	line	26
  1076                           	
  1077                           l622:	
  1078  07C2                     ;main.c: 26:     PORTDbits.RD6 = 0;
  1079                           	bcf	(8),6	;volatile
  1080  07C2  1308               	line	27
  1081                           	
  1082                           l15:	
  1083  07C3                     	return
  1084  07C3  0008               	opt stack 0
  1085                           GLOBAL	__end_of_LCD_init
  1086                           	__end_of_LCD_init:
  1087  07C4                     	signat	_LCD_init,89
  1088                           global	___latbits
  1089                           ___latbits	equ	2
  1090  0002                     	global	btemp
  1091                           	btemp set 07Eh
  1092  007E                     
  1093                           	DABS	1,126,2	;btemp
  1094                           	global	wtemp0
  1095                           	wtemp0 set btemp+0
  1096  007E                     	end


Data Sizes:
    Strings     11
    Constant    0
    Data        0
    BSS         0
    Persistent  0
    Stack       0

Auto Spaces:
    Space          Size  Autos    Used
    COMMON           14      5       5
    BANK0            80      0       0
    BANK1            80      0       0
    BANK3            96      0       0
    BANK2            96      0       0

Pointer List with Targets:

    LCD_print@str	PTR unsigned char  size(1) Largest target is 11
		 -> STR_1(CODE[11]), 


Critical Paths under _main in COMMON

    _main->_LCD_print
    _LCD_print->_LCD_printChar

Critical Paths under _main in BANK0

    None.

Critical Paths under _main in BANK1

    None.

Critical Paths under _main in BANK3

    None.

Critical Paths under _main in BANK2

    None.

Call Graph Tables:

 ---------------------------------------------------------------------------------
 (Depth) Function   	        Calls       Base Space   Used Autos Params    Refs
 ---------------------------------------------------------------------------------
 (0) _main                                                 0     0      0     138
                           _LCD_init
                             _LCD_on
                          _LCD_print
 ---------------------------------------------------------------------------------
 (1) _LCD_print                                            3     3      0     138
                                              2 COMMON     3     3      0
                      _LCD_printChar
 ---------------------------------------------------------------------------------
 (2) _LCD_printChar                                        2     2      0      15
                                              0 COMMON     2     2      0
 ---------------------------------------------------------------------------------
 (1) _LCD_on                                               1     1      0       0
                                              0 COMMON     1     1      0
 ---------------------------------------------------------------------------------
 (1) _LCD_init                                             0     0      0       0
 ---------------------------------------------------------------------------------
 Estimated maximum stack depth 2
 ---------------------------------------------------------------------------------

 Call Graph Graphs:

 _main (ROOT)
   _LCD_init
   _LCD_on
   _LCD_print
     _LCD_printChar

 Address spaces:
Name               Size   Autos  Total    Cost      Usage
BITCOMMON            E      0       0       0        0.0%
EEDATA             100      0       0       0        0.0%
NULL                 0      0       0       0        0.0%
CODE                 0      0       0       0        0.0%
COMMON               E      5       5       1       35.7%
BITSFR0              0      0       0       1        0.0%
SFR0                 0      0       0       1        0.0%
BITSFR1              0      0       0       2        0.0%
SFR1                 0      0       0       2        0.0%
STACK                0      0       0       2        0.0%
ABS                  0      0       0       3        0.0%
BITBANK0            50      0       0       4        0.0%
BITSFR3              0      0       0       4        0.0%
SFR3                 0      0       0       4        0.0%
BANK0               50      0       0       5        0.0%
BITSFR2              0      0       0       5        0.0%
SFR2                 0      0       0       5        0.0%
BITBANK1            50      0       0       6        0.0%
BANK1               50      0       0       7        0.0%
BITBANK3            60      0       0       8        0.0%
BANK3               60      0       0       9        0.0%
BITBANK2            60      0       0      10        0.0%
BANK2               60      0       0      11        0.0%
DATA                 0      0       0      12        0.0%


Microchip Technology PIC Macro Assembler V2.00 build -1524193055 
Symbol Table                                                                                   Thu Apr 22 15:45:59 2021

                       pc 0002               __CFG_CP$OFF 0000                        l21 07B3  
                      l15 07C3                        l24 07ED                        l32 07D4  
                      l25 07DB                        l33 07D4                        l18 07A4  
                      l26 07FB                        l34 07D5                        l27 07FB  
                      l35 07D5                        u20 07FA                        u21 07F9  
                      u37 07AE                        u47 079F                        fsr 0004  
                     l610 07A9                       l620 07C1                       l612 07AB  
                     l622 07C2                       l630 07A1                       l614 07B0  
                     l616 07B4                       l624 0796                       l608 07A6  
                     l618 07B8                       l626 079A                       l650 07E8  
                     l628 079C                       l652 07ED                       l646 07D9  
                     l654 07C4                       l648 07DB                       l656 07C9  
                     l658 07CE              __CFG_CPD$OFF 0000                       fsr0 0004  
            __CFG_LVP$OFF 0000                      STR_1 0009              __CFG_WRT$OFF 0000  
                    _main 07C4                      btemp 007E                      start 0000  
           __CFG_IESO$OFF 0000        __size_of_LCD_print 0024    __size_of_LCD_printChar 000F  
        __end_of_LCD_init 07C4                     ?_main 0070             __CFG_WDTE$OFF 0000  
                   _PORTB 0006                     _TRISB 0086            __CFG_FCMEN$OFF 0000  
          __CFG_BOREN$OFF 0000                     pclath 000A                     status 0003  
                   wtemp0 007E            __CFG_MCLRE$OFF 0000           __initialization 07FC  
            __end_of_main 07D8                    ??_main 0075         __end_of_LCD_print 07FC  
           _LCD_printChar 07A5                    _ANSELH 0189                    _LCD_on 0796  
          __CFG_PWRTE$OFF 0000            LCD_printChar@c 0071            ?_LCD_printChar 0070  
 __end_of__initialization 07FC                 ?_LCD_init 0070            __pcstackCOMMON 0070  
            LCD_print@str 0073                   ?_LCD_on 0070                ??_LCD_init 0070  
              __pmaintext 07C4           ??_LCD_printChar 0070                __stringtab 0003  
         __size_of_LCD_on 000F                   __ptext1 07D8                   __ptext2 07A5  
                 __ptext3 0796                   __ptext4 07B4      end_of_initialization 07FC  
               _LCD_print 07D8                 _PORTDbits 0008                 _TRISDbits 0088  
              ?_LCD_print 0070            __end_of_LCD_on 07A5         __size_of_LCD_init 0010  
     start_initialization 07FC                LCD_print@i 0074                  ??_LCD_on 0070  
__CFG_FOSC$INTRC_NOCLKOUT 0000                 ___latbits 0002               ??_LCD_print 0072  
               __pstrings 0003     __end_of_LCD_printChar 07B4                  _LCD_init 07B4  
             __stringbase 0008        __end_of__stringtab 0009         __CFG_BOR4V$BOR40V 0000  
           __size_of_main 0014                 stringcode 0003                  stringdir 0003  
                stringtab 0003  
